[2018-08-23 11:40:13] files.INFO: I am info [] []
[2018-08-24 04:07:39] files.INFO: User registered {"username":"9"} []
[2018-08-24 04:23:55] files.INFO: User login {"username":null} []
[2018-08-24 04:24:24] files.INFO: User login {"username":"username"} []
[2018-08-24 04:25:00] files.INFO: User login {"username":"bonii"} []
[2018-08-24 04:40:24] files.INFO: Update kode rahasia {"id_nasabah":"2"} []
[2018-08-24 04:42:37] files.INFO: Update kode rahasia {"id_nasabah":"2"} []
[2018-08-24 04:46:59] files.INFO: Update kode rahasia {"id_nasabah":"2"} []
[2018-08-24 04:55:05] files.INFO: Update kode rahasia {"id_nasabah":"2"} []
[2018-08-24 05:00:17] files.INFO: Update kode rahasia {"id_nasabah":null} []
[2018-08-24 05:12:24] files.INFO: User login {"username":"bonii"} []
[2018-08-24 05:20:58] files.INFO: Update password {"id_nasabah":"2"} []
[2018-08-24 05:39:46] files.INFO: Update password {"id_nasabah":null} []
[2018-08-24 06:39:21] files.INFO: User login {"username":"bonii"} []
[2018-08-24 08:21:30] files.INFO: User login {"username":"bonii"} []
[2018-08-24 08:23:59] files.INFO: User login {"username":"bonii"} []
[2018-08-24 08:41:17] files.INFO: User failed login {"username":"bonii"} []
[2018-08-24 10:25:38] files.INFO: User login {"username":"cipe"} []
[2018-08-24 10:30:15] files.INFO: User failed login {"username":"bonii"} []
[2018-08-27 04:10:19] files.INFO: User failed login {"username":"bonii"} []
[2018-08-27 05:29:27] files.INFO: User login {"username":"bonii"} []
[2018-08-27 05:30:15] files.INFO: User failed login {"username":"das"} []
[2018-08-27 05:36:23] files.INFO: User failed login {"username":"bonii"} []
[2018-08-27 05:54:21] files.INFO: User failed login {"username":"bonii"} []
[2018-08-27 06:26:49] files.INFO: User failed login {"username":"cipe"} []
[2018-08-27 08:34:23] files.INFO: User failed login {"username":"cipe"} []
[2018-08-27 08:34:36] files.INFO: User failed login {"username":"cipe"} []
[2018-08-27 08:44:26] files.INFO: User login {"username":"bonii"} []
[2018-08-27 09:33:28] files.INFO: User login {"username":"bonii"} []
[2018-08-27 09:48:50] files.ERROR: User failed login {"username":"bonii"} 
[2018-08-30 13:24:03] files.INFO: User login {"username":"bonii"} 
[2018-08-30 13:35:18] files.INFO: User failed login {"username":"bonii"} 
